[10-Feb-2016 10:13:43 UTC] PHP Parse error:  syntax error, unexpected '<' in /home/ubuntu/workspace/week1/Pe3Wk1b1.php on line 21
[10-Feb-2016 10:20:00 UTC] PHP Parse error:  syntax error, unexpected 'kleur1' (T_STRING), expecting ',' or ';' in /home/ubuntu/workspace/week1/Pe3Wk1b1.php on line 13
[10-Feb-2016 10:20:15 UTC] PHP Parse error:  syntax error, unexpected 'kleur1' (T_STRING), expecting ',' or ';' in /home/ubuntu/workspace/week1/Pe3Wk1b1.php on line 13
[10-Feb-2016 10:48:11 UTC] PHP Parse error:  syntax error, unexpected end of file, expecting variable (T_VARIABLE) or ${ (T_DOLLAR_OPEN_CURLY_BRACES) or {$ (T_CURLY_OPEN) in /home/ubuntu/workspace/week1/Pe3Wk1b2.php on line 21
[10-Feb-2016 10:48:26 UTC] PHP Parse error:  syntax error, unexpected end of file, expecting variable (T_VARIABLE) or ${ (T_DOLLAR_OPEN_CURLY_BRACES) or {$ (T_CURLY_OPEN) in /home/ubuntu/workspace/week1/Pe3Wk1b2.php on line 21
[10-Feb-2016 10:50:31 UTC] PHP Parse error:  syntax error, unexpected ':', expecting ',' or ';' in /home/ubuntu/workspace/week1/Pe3Wk1b2.php on line 14
[10-Feb-2016 12:29:07 UTC] PHP Parse error:  syntax error, unexpected 'echo' (T_ECHO), expecting ',' or ';' in /home/ubuntu/workspace/week1/Pe3Wk1b2.php on line 17
[10-Feb-2016 12:40:12 UTC] PHP Parse error:  syntax error, unexpected '?' in /home/ubuntu/workspace/week1/bestand.php on line 10
[10-Feb-2016 12:40:56 UTC] PHP Parse error:  syntax error, unexpected ',', expecting ']' in /home/ubuntu/workspace/week1/bestand.php on line 10
[10-Feb-2016 13:18:22 UTC] PHP Parse error:  syntax error, unexpected '?>', expecting variable (T_VARIABLE) or '$' in /home/ubuntu/workspace/week1/bestand.php on line 17
[11-Feb-2016 12:17:46 UTC] PHP Parse error:  syntax error, unexpected '<<' (T_SL) in /home/ubuntu/workspace/week1/boek.php on line 14
[11-Feb-2016 12:31:52 UTC] PHP Parse error:  syntax error, unexpected 'intval' (T_STRING) in /home/ubuntu/workspace/week1/boek.php on line 20
[17-Feb-2016 09:32:29 UTC] PHP Parse error:  syntax error, unexpected 'echo' (T_ECHO), expecting ',' or ';' in /home/ubuntu/workspace/week2/Pe3Wk2a-1.php on line 20
[17-Feb-2016 09:33:21 UTC] PHP Parse error:  syntax error, unexpected 'echo' (T_ECHO), expecting ',' or ';' in /home/ubuntu/workspace/week2/Pe3Wk2a-1.php on line 20
[17-Feb-2016 09:33:51 UTC] PHP Parse error:  syntax error, unexpected 'echo' (T_ECHO), expecting ',' or ';' in /home/ubuntu/workspace/week2/Pe3Wk2a-1.php on line 21
[17-Feb-2016 09:40:32 UTC] PHP Parse error:  syntax error, unexpected end of file in /home/ubuntu/workspace/week2/Pe3Wk2a-1.php on line 26
[17-Feb-2016 09:43:11 UTC] PHP Parse error:  syntax error, unexpected 'echo' (T_ECHO), expecting ',' or ';' in /home/ubuntu/workspace/week2/Pe3Wk2a-1.php on line 23
[17-Feb-2016 10:16:16 UTC] PHP Parse error:  syntax error, unexpected ';' in /home/ubuntu/workspace/week2/Pe3Wk2a-2.php on line 21
[17-Feb-2016 10:16:56 UTC] PHP Parse error:  syntax error, unexpected ';' in /home/ubuntu/workspace/week2/Pe3Wk2a-2.php on line 21
[17-Feb-2016 12:42:03 UTC] PHP Warning:  array_sum() expects parameter 1 to be array, string given in /home/ubuntu/workspace/week2/Pe3Wk2b1.php on line 21
[17-Feb-2016 12:42:03 UTC] PHP Stack trace:
[17-Feb-2016 12:42:03 UTC] PHP   1. {main}() /home/ubuntu/workspace/week2/Pe3Wk2b1.php:0
[17-Feb-2016 12:42:03 UTC] PHP   2. array_sum() /home/ubuntu/workspace/week2/Pe3Wk2b1.php:21
[17-Feb-2016 12:42:03 UTC] PHP Warning:  Illegal string offset 'Engels' in /home/ubuntu/workspace/week2/Pe3Wk2b1.php on line 26
[17-Feb-2016 12:42:03 UTC] PHP Stack trace:
[17-Feb-2016 12:42:03 UTC] PHP   1. {main}() /home/ubuntu/workspace/week2/Pe3Wk2b1.php:0
[17-Feb-2016 12:42:03 UTC] PHP Warning:  Illegal string offset 'Nederlands' in /home/ubuntu/workspace/week2/Pe3Wk2b1.php on line 27
[17-Feb-2016 12:42:03 UTC] PHP Stack trace:
[17-Feb-2016 12:42:03 UTC] PHP   1. {main}() /home/ubuntu/workspace/week2/Pe3Wk2b1.php:0
[17-Feb-2016 12:42:03 UTC] PHP Warning:  Illegal string offset 'Ondernemendheid' in /home/ubuntu/workspace/week2/Pe3Wk2b1.php on line 28
[17-Feb-2016 12:42:03 UTC] PHP Stack trace:
[17-Feb-2016 12:42:03 UTC] PHP   1. {main}() /home/ubuntu/workspace/week2/Pe3Wk2b1.php:0
[17-Feb-2016 12:42:03 UTC] PHP Warning:  Illegal string offset 'Programming' in /home/ubuntu/workspace/week2/Pe3Wk2b1.php on line 29
[17-Feb-2016 12:42:03 UTC] PHP Stack trace:
[17-Feb-2016 12:42:03 UTC] PHP   1. {main}() /home/ubuntu/workspace/week2/Pe3Wk2b1.php:0
[17-Feb-2016 12:42:03 UTC] PHP Warning:  Illegal string offset 'ICT' in /home/ubuntu/workspace/week2/Pe3Wk2b1.php on line 30
[17-Feb-2016 12:42:03 UTC] PHP Stack trace:
[17-Feb-2016 12:42:03 UTC] PHP   1. {main}() /home/ubuntu/workspace/week2/Pe3Wk2b1.php:0
[17-Feb-2016 12:42:03 UTC] PHP Warning:  array_sum() expects parameter 1 to be array, string given in /home/ubuntu/workspace/week2/Pe3Wk2b1.php on line 31
[17-Feb-2016 12:42:03 UTC] PHP Stack trace:
[17-Feb-2016 12:42:03 UTC] PHP   1. {main}() /home/ubuntu/workspace/week2/Pe3Wk2b1.php:0
[17-Feb-2016 12:42:03 UTC] PHP   2. array_sum() /home/ubuntu/workspace/week2/Pe3Wk2b1.php:31
[17-Feb-2016 12:42:40 UTC] PHP Warning:  array_sum() expects parameter 1 to be array, string given in /home/ubuntu/workspace/week2/Pe3Wk2b1.php on line 21
[17-Feb-2016 12:42:40 UTC] PHP Stack trace:
[17-Feb-2016 12:42:40 UTC] PHP   1. {main}() /home/ubuntu/workspace/week2/Pe3Wk2b1.php:0
[17-Feb-2016 12:42:40 UTC] PHP   2. array_sum() /home/ubuntu/workspace/week2/Pe3Wk2b1.php:21
[17-Feb-2016 12:45:41 UTC] PHP Warning:  array_sum() expects parameter 1 to be array, string given in /home/ubuntu/workspace/week2/Pe3Wk2b1.php on line 21
[17-Feb-2016 12:45:41 UTC] PHP Stack trace:
[17-Feb-2016 12:45:41 UTC] PHP   1. {main}() /home/ubuntu/workspace/week2/Pe3Wk2b1.php:0
[17-Feb-2016 12:45:41 UTC] PHP   2. array_sum() /home/ubuntu/workspace/week2/Pe3Wk2b1.php:21
[17-Feb-2016 12:46:25 UTC] PHP Warning:  array_sum() expects parameter 1 to be array, integer given in /home/ubuntu/workspace/week2/Pe3Wk2b1.php on line 21
[17-Feb-2016 12:46:25 UTC] PHP Stack trace:
[17-Feb-2016 12:46:25 UTC] PHP   1. {main}() /home/ubuntu/workspace/week2/Pe3Wk2b1.php:0
[17-Feb-2016 12:46:25 UTC] PHP   2. array_sum() /home/ubuntu/workspace/week2/Pe3Wk2b1.php:21
[17-Feb-2016 12:48:05 UTC] PHP Parse error:  syntax error, unexpected '=', expecting ')' in /home/ubuntu/workspace/week2/Pe3Wk2b1.php on line 11
[17-Feb-2016 12:48:19 UTC] PHP Parse error:  syntax error, unexpected '=', expecting ')' in /home/ubuntu/workspace/week2/Pe3Wk2b1.php on line 11
[17-Feb-2016 12:48:39 UTC] PHP Parse error:  syntax error, unexpected '=', expecting ')' in /home/ubuntu/workspace/week2/Pe3Wk2b1.php on line 11
[17-Feb-2016 12:49:40 UTC] PHP Parse error:  syntax error, unexpected '=', expecting ')' in /home/ubuntu/workspace/week2/Pe3Wk2b1.php on line 11
[17-Feb-2016 12:50:13 UTC] PHP Parse error:  syntax error, unexpected '=', expecting ')' in /home/ubuntu/workspace/week2/Pe3Wk2b1.php on line 11
[17-Feb-2016 12:50:28 UTC] PHP Warning:  array_sum() expects parameter 1 to be array, double given in /home/ubuntu/workspace/week2/Pe3Wk2b1.php on line 24
[17-Feb-2016 12:50:28 UTC] PHP Stack trace:
[17-Feb-2016 12:50:28 UTC] PHP   1. {main}() /home/ubuntu/workspace/week2/Pe3Wk2b1.php:0
[17-Feb-2016 12:50:28 UTC] PHP   2. array_sum() /home/ubuntu/workspace/week2/Pe3Wk2b1.php:24
[17-Feb-2016 12:51:25 UTC] PHP Parse error:  syntax error, unexpected '=', expecting ')' in /home/ubuntu/workspace/week2/Pe3Wk2b1.php on line 11
[17-Feb-2016 12:51:52 UTC] PHP Warning:  array_sum() expects parameter 1 to be array, integer given in /home/ubuntu/workspace/week2/Pe3Wk2b1.php on line 21
[17-Feb-2016 12:51:52 UTC] PHP Stack trace:
[17-Feb-2016 12:51:52 UTC] PHP   1. {main}() /home/ubuntu/workspace/week2/Pe3Wk2b1.php:0
[17-Feb-2016 12:51:52 UTC] PHP   2. array_sum() /home/ubuntu/workspace/week2/Pe3Wk2b1.php:21
[17-Feb-2016 12:52:43 UTC] PHP Warning:  array_sum() expects parameter 1 to be array, integer given in /home/ubuntu/workspace/week2/Pe3Wk2b1.php on line 21
[17-Feb-2016 12:52:43 UTC] PHP Stack trace:
[17-Feb-2016 12:52:43 UTC] PHP   1. {main}() /home/ubuntu/workspace/week2/Pe3Wk2b1.php:0
[17-Feb-2016 12:52:43 UTC] PHP   2. array_sum() /home/ubuntu/workspace/week2/Pe3Wk2b1.php:21
[17-Feb-2016 12:53:27 UTC] PHP Warning:  array_sum() expects parameter 1 to be array, integer given in /home/ubuntu/workspace/week2/Pe3Wk2b1.php on line 21
[17-Feb-2016 12:53:27 UTC] PHP Stack trace:
[17-Feb-2016 12:53:27 UTC] PHP   1. {main}() /home/ubuntu/workspace/week2/Pe3Wk2b1.php:0
[17-Feb-2016 12:53:27 UTC] PHP   2. array_sum() /home/ubuntu/workspace/week2/Pe3Wk2b1.php:21
[17-Feb-2016 12:53:27 UTC] PHP Warning:  array_sum() expects parameter 1 to be array, integer given in /home/ubuntu/workspace/week2/Pe3Wk2b1.php on line 23
[17-Feb-2016 12:53:27 UTC] PHP Stack trace:
[17-Feb-2016 12:53:27 UTC] PHP   1. {main}() /home/ubuntu/workspace/week2/Pe3Wk2b1.php:0
[17-Feb-2016 12:53:27 UTC] PHP   2. array_sum() /home/ubuntu/workspace/week2/Pe3Wk2b1.php:23
[17-Feb-2016 13:03:38 UTC] PHP Parse error:  syntax error, unexpected ';' in /home/ubuntu/workspace/week2/Pe3Wk2b1-1.php on line 13
[17-Feb-2016 13:04:25 UTC] PHP Parse error:  syntax error, unexpected '}', expecting ',' or ';' in /home/ubuntu/workspace/week2/Pe3Wk2b1-1.php on line 20
[17-Feb-2016 13:21:46 UTC] PHP Warning:  array_sum() expects parameter 1 to be array, integer given in /home/ubuntu/workspace/week2/Pe3Wk2b2.php on line 22
[17-Feb-2016 13:21:46 UTC] PHP Stack trace:
[17-Feb-2016 13:21:46 UTC] PHP   1. {main}() /home/ubuntu/workspace/week2/Pe3Wk2b2.php:0
[17-Feb-2016 13:21:46 UTC] PHP   2. array_sum() /home/ubuntu/workspace/week2/Pe3Wk2b2.php:22
[17-Feb-2016 13:26:40 UTC] PHP Parse error:  syntax error, unexpected ':' in /home/ubuntu/workspace/week2/Pe3Wk2b2.php on line 10
[17-Feb-2016 13:35:53 UTC] PHP Parse error:  syntax error, unexpected ':' in /home/ubuntu/workspace/week2/Pe3Wk2b2.php on line 18
[17-Feb-2016 13:37:19 UTC] PHP Parse error:  syntax error, unexpected '"<br>"' (T_CONSTANT_ENCAPSED_STRING), expecting ',' or ';' in /home/ubuntu/workspace/week2/Pe3Wk2b2.php on line 18
[17-Feb-2016 13:40:00 UTC] PHP Parse error:  syntax error, unexpected 'echo' (T_ECHO), expecting ',' or ';' in /home/ubuntu/workspace/week2/Pe3Wk2b2.php on line 19
[17-Feb-2016 13:40:18 UTC] PHP Parse error:  syntax error, unexpected 'echo' (T_ECHO), expecting ',' or ';' in /home/ubuntu/workspace/week2/Pe3Wk2b2.php on line 19
[17-Feb-2016 13:40:34 UTC] PHP Parse error:  syntax error, unexpected 'echo' (T_ECHO), expecting ',' or ';' in /home/ubuntu/workspace/week2/Pe3Wk2b2.php on line 19
[17-Feb-2016 13:41:06 UTC] PHP Parse error:  syntax error, unexpected 'echo' (T_ECHO), expecting ',' or ';' in /home/ubuntu/workspace/week2/Pe3Wk2b2.php on line 19
[17-Feb-2016 13:41:28 UTC] PHP Parse error:  syntax error, unexpected 'echo' (T_ECHO), expecting ',' or ';' in /home/ubuntu/workspace/week2/Pe3Wk2b2.php on line 19
[17-Feb-2016 13:47:04 UTC] PHP Warning:  array_sum() expects parameter 1 to be array, integer given in /home/ubuntu/workspace/week2/Pe3Wk2b2.php on line 22
[17-Feb-2016 13:47:04 UTC] PHP Stack trace:
[17-Feb-2016 13:47:04 UTC] PHP   1. {main}() /home/ubuntu/workspace/week2/Pe3Wk2b2.php:0
[17-Feb-2016 13:47:04 UTC] PHP   2. array_sum() /home/ubuntu/workspace/week2/Pe3Wk2b2.php:22
[17-Feb-2016 13:48:49 UTC] PHP Parse error:  syntax error, unexpected ';' in /home/ubuntu/workspace/week2/Pe3Wk2b2.php on line 22
[17-Feb-2016 13:53:53 UTC] PHP Parse error:  syntax error, unexpected ',' in /home/ubuntu/workspace/week2/Pe3Wk2b3.php on line 13
[17-Feb-2016 14:09:35 UTC] PHP Parse error:  syntax error, unexpected '$simone' (T_VARIABLE), expecting ',' or ';' in /home/ubuntu/workspace/week2/Pe3Wk2b3.php on line 20
[17-Feb-2016 14:11:02 UTC] PHP Parse error:  syntax error, unexpected 'echo' (T_ECHO), expecting ',' or ';' in /home/ubuntu/workspace/week2/Pe3Wk2b3.php on line 20
[17-Feb-2016 14:11:12 UTC] PHP Parse error:  syntax error, unexpected 'echo' (T_ECHO), expecting ',' or ';' in /home/ubuntu/workspace/week2/Pe3Wk2b3.php on line 20
[17-Feb-2016 14:11:27 UTC] PHP Parse error:  syntax error, unexpected 'echo' (T_ECHO), expecting ',' or ';' in /home/ubuntu/workspace/week2/Pe3Wk2b3.php on line 20
[17-Feb-2016 14:11:40 UTC] PHP Parse error:  syntax error, unexpected 'echo' (T_ECHO), expecting ',' or ';' in /home/ubuntu/workspace/week2/Pe3Wk2b3.php on line 20
[17-Feb-2016 14:19:50 UTC] PHP Parse error:  syntax error, unexpected ';', expecting '(' in /home/ubuntu/workspace/week2/Pe3Wk2b3.php on line 26
[17-Feb-2016 14:52:14 UTC] PHP Parse error:  syntax error, unexpected ',' in /home/ubuntu/workspace/week2/Pe3Wk2b3.php on line 19
[17-Feb-2016 14:52:36 UTC] PHP Parse error:  syntax error, unexpected ',' in /home/ubuntu/workspace/week2/Pe3Wk2b3.php on line 27
[17-Feb-2016 14:59:32 UTC] PHP Warning:  Division by zero in /home/ubuntu/workspace/week2/Pe3Wk2b3.php on line 27
[17-Feb-2016 14:59:32 UTC] PHP Stack trace:
[17-Feb-2016 14:59:32 UTC] PHP   1. {main}() /home/ubuntu/workspace/week2/Pe3Wk2b3.php:0
[17-Feb-2016 15:02:35 UTC] PHP Warning:  count() expects at most 2 parameters, 3 given in /home/ubuntu/workspace/week2/Pe3Wk2b3.php on line 27
[17-Feb-2016 15:02:35 UTC] PHP Stack trace:
[17-Feb-2016 15:02:35 UTC] PHP   1. {main}() /home/ubuntu/workspace/week2/Pe3Wk2b3.php:0
[17-Feb-2016 15:02:35 UTC] PHP   2. count() /home/ubuntu/workspace/week2/Pe3Wk2b3.php:27
[17-Feb-2016 15:02:35 UTC] PHP Warning:  Division by zero in /home/ubuntu/workspace/week2/Pe3Wk2b3.php on line 27
[17-Feb-2016 15:02:35 UTC] PHP Stack trace:
[17-Feb-2016 15:02:35 UTC] PHP   1. {main}() /home/ubuntu/workspace/week2/Pe3Wk2b3.php:0
[17-Feb-2016 15:23:46 UTC] PHP Warning:  Invalid argument supplied for foreach() in /home/ubuntu/workspace/week2/Pe3Wk2b3.php on line 22
[17-Feb-2016 15:23:46 UTC] PHP Stack trace:
[17-Feb-2016 15:23:46 UTC] PHP   1. {main}() /home/ubuntu/workspace/week2/Pe3Wk2b3.php:0
[17-Feb-2016 15:23:46 UTC] PHP Warning:  Invalid argument supplied for foreach() in /home/ubuntu/workspace/week2/Pe3Wk2b3.php on line 22
[17-Feb-2016 15:23:46 UTC] PHP Stack trace:
[17-Feb-2016 15:23:46 UTC] PHP   1. {main}() /home/ubuntu/workspace/week2/Pe3Wk2b3.php:0
[17-Feb-2016 15:23:46 UTC] PHP Warning:  Invalid argument supplied for foreach() in /home/ubuntu/workspace/week2/Pe3Wk2b3.php on line 22
[17-Feb-2016 15:23:46 UTC] PHP Stack trace:
[17-Feb-2016 15:23:46 UTC] PHP   1. {main}() /home/ubuntu/workspace/week2/Pe3Wk2b3.php:0
[17-Feb-2016 15:23:46 UTC] PHP Warning:  Invalid argument supplied for foreach() in /home/ubuntu/workspace/week2/Pe3Wk2b3.php on line 22
[17-Feb-2016 15:23:46 UTC] PHP Stack trace:
[17-Feb-2016 15:23:46 UTC] PHP   1. {main}() /home/ubuntu/workspace/week2/Pe3Wk2b3.php:0
[17-Feb-2016 15:25:56 UTC] PHP Warning:  Invalid argument supplied for foreach() in /home/ubuntu/workspace/week2/Pe3Wk2b3.php on line 22
[17-Feb-2016 15:25:56 UTC] PHP Stack trace:
[17-Feb-2016 15:25:56 UTC] PHP   1. {main}() /home/ubuntu/workspace/week2/Pe3Wk2b3.php:0
[17-Feb-2016 15:25:56 UTC] PHP Warning:  Invalid argument supplied for foreach() in /home/ubuntu/workspace/week2/Pe3Wk2b3.php on line 22
[17-Feb-2016 15:25:56 UTC] PHP Stack trace:
[17-Feb-2016 15:25:56 UTC] PHP   1. {main}() /home/ubuntu/workspace/week2/Pe3Wk2b3.php:0
[17-Feb-2016 15:25:56 UTC] PHP Warning:  Invalid argument supplied for foreach() in /home/ubuntu/workspace/week2/Pe3Wk2b3.php on line 22
[17-Feb-2016 15:25:56 UTC] PHP Stack trace:
[17-Feb-2016 15:25:56 UTC] PHP   1. {main}() /home/ubuntu/workspace/week2/Pe3Wk2b3.php:0
[17-Feb-2016 15:25:56 UTC] PHP Warning:  Invalid argument supplied for foreach() in /home/ubuntu/workspace/week2/Pe3Wk2b3.php on line 22
[17-Feb-2016 15:25:56 UTC] PHP Stack trace:
[17-Feb-2016 15:25:56 UTC] PHP   1. {main}() /home/ubuntu/workspace/week2/Pe3Wk2b3.php:0
[17-Feb-2016 15:26:11 UTC] PHP Warning:  Invalid argument supplied for foreach() in /home/ubuntu/workspace/week2/Pe3Wk2b3.php on line 22
[17-Feb-2016 15:26:11 UTC] PHP Stack trace:
[17-Feb-2016 15:26:11 UTC] PHP   1. {main}() /home/ubuntu/workspace/week2/Pe3Wk2b3.php:0
[17-Feb-2016 15:26:11 UTC] PHP Warning:  Invalid argument supplied for foreach() in /home/ubuntu/workspace/week2/Pe3Wk2b3.php on line 22
[17-Feb-2016 15:26:11 UTC] PHP Stack trace:
[17-Feb-2016 15:26:11 UTC] PHP   1. {main}() /home/ubuntu/workspace/week2/Pe3Wk2b3.php:0
[17-Feb-2016 15:26:11 UTC] PHP Warning:  Invalid argument supplied for foreach() in /home/ubuntu/workspace/week2/Pe3Wk2b3.php on line 22
[17-Feb-2016 15:26:11 UTC] PHP Stack trace:
[17-Feb-2016 15:26:11 UTC] PHP   1. {main}() /home/ubuntu/workspace/week2/Pe3Wk2b3.php:0
[17-Feb-2016 15:26:11 UTC] PHP Warning:  Invalid argument supplied for foreach() in /home/ubuntu/workspace/week2/Pe3Wk2b3.php on line 22
[17-Feb-2016 15:26:11 UTC] PHP Stack trace:
[17-Feb-2016 15:26:11 UTC] PHP   1. {main}() /home/ubuntu/workspace/week2/Pe3Wk2b3.php:0
[17-Feb-2016 15:32:21 UTC] PHP Fatal error:  Call to undefined function gem() in /home/ubuntu/workspace/week2/test.php on line 50
[17-Feb-2016 15:32:21 UTC] PHP Stack trace:
[17-Feb-2016 15:32:21 UTC] PHP   1. {main}() /home/ubuntu/workspace/week2/test.php:0
[17-Feb-2016 15:32:38 UTC] PHP Warning:  Invalid argument supplied for foreach() in /home/ubuntu/workspace/week2/test.php on line 26
[17-Feb-2016 15:32:38 UTC] PHP Stack trace:
[17-Feb-2016 15:32:38 UTC] PHP   1. {main}() /home/ubuntu/workspace/week2/test.php:0
[17-Feb-2016 15:32:38 UTC] PHP   2. gem() /home/ubuntu/workspace/week2/test.php:50
[17-Feb-2016 15:32:38 UTC] PHP Warning:  Division by zero in /home/ubuntu/workspace/week2/test.php on line 33
[17-Feb-2016 15:32:38 UTC] PHP Stack trace:
[17-Feb-2016 15:32:38 UTC] PHP   1. {main}() /home/ubuntu/workspace/week2/test.php:0
[17-Feb-2016 15:32:38 UTC] PHP   2. gem() /home/ubuntu/workspace/week2/test.php:50
[17-Feb-2016 15:38:03 UTC] PHP Parse error:  syntax error, unexpected 'foreach' (T_FOREACH), expecting ',' or ';' in /home/ubuntu/workspace/week2/test.php on line 40
[17-Feb-2016 15:41:47 UTC] PHP Fatal error:  Call to undefined function gemiddeld() in /home/ubuntu/workspace/week2/test.php on line 56
[17-Feb-2016 15:41:47 UTC] PHP Stack trace:
[17-Feb-2016 15:41:47 UTC] PHP   1. {main}() /home/ubuntu/workspace/week2/test.php:0
[17-Feb-2016 15:43:10 UTC] PHP Parse error:  syntax error, unexpected '<' in /home/ubuntu/workspace/week2/Pe3Wk2b3.php on line 42
[17-Feb-2016 15:43:53 UTC] PHP Parse error:  syntax error, unexpected '<' in /home/ubuntu/workspace/week2/Pe3Wk2b3.php on line 42
[01-Mar-2016 14:19:26 UTC] PHP Parse error:  syntax error, unexpected '}' in /home/ubuntu/workspace/week3/Pe3Wl3a-2.php on line 15
[01-Mar-2016 14:19:45 UTC] PHP Parse error:  syntax error, unexpected 'echo' (T_ECHO) in /home/ubuntu/workspace/week3/Pe3Wl3a-2.php on line 15
[01-Mar-2016 14:19:59 UTC] PHP Parse error:  syntax error, unexpected '}' in /home/ubuntu/workspace/week3/Pe3Wl3a-2.php on line 15
[01-Mar-2016 14:23:08 UTC] PHP Parse error:  syntax error, unexpected 'return' (T_RETURN), expecting '{' in /home/ubuntu/workspace/week3/Pe3Wl3a-2.php on line 13
[01-Mar-2016 14:25:15 UTC] PHP Warning:  array_sum() expects parameter 1 to be array, null given in /home/ubuntu/workspace/week3/Pe3Wl3a-2.php on line 13
[01-Mar-2016 14:25:15 UTC] PHP Stack trace:
[01-Mar-2016 14:25:15 UTC] PHP   1. {main}() /home/ubuntu/workspace/week3/Pe3Wl3a-2.php:0
[01-Mar-2016 14:25:15 UTC] PHP   2. test() /home/ubuntu/workspace/week3/Pe3Wl3a-2.php:17
[01-Mar-2016 14:25:15 UTC] PHP   3. array_sum() /home/ubuntu/workspace/week3/Pe3Wl3a-2.php:13
[01-Mar-2016 14:25:15 UTC] PHP Warning:  Division by zero in /home/ubuntu/workspace/week3/Pe3Wl3a-2.php on line 13
[01-Mar-2016 14:25:15 UTC] PHP Stack trace:
[01-Mar-2016 14:25:15 UTC] PHP   1. {main}() /home/ubuntu/workspace/week3/Pe3Wl3a-2.php:0
[01-Mar-2016 14:25:15 UTC] PHP   2. test() /home/ubuntu/workspace/week3/Pe3Wl3a-2.php:17
[01-Mar-2016 14:25:42 UTC] PHP Warning:  array_sum() expects parameter 1 to be array, null given in /home/ubuntu/workspace/week3/Pe3Wl3a-2.php on line 13
[01-Mar-2016 14:25:42 UTC] PHP Stack trace:
[01-Mar-2016 14:25:42 UTC] PHP   1. {main}() /home/ubuntu/workspace/week3/Pe3Wl3a-2.php:0
[01-Mar-2016 14:25:42 UTC] PHP   2. test() /home/ubuntu/workspace/week3/Pe3Wl3a-2.php:17
[01-Mar-2016 14:25:42 UTC] PHP   3. array_sum() /home/ubuntu/workspace/week3/Pe3Wl3a-2.php:13
[01-Mar-2016 14:25:42 UTC] PHP Warning:  Division by zero in /home/ubuntu/workspace/week3/Pe3Wl3a-2.php on line 13
[01-Mar-2016 14:25:42 UTC] PHP Stack trace:
[01-Mar-2016 14:25:42 UTC] PHP   1. {main}() /home/ubuntu/workspace/week3/Pe3Wl3a-2.php:0
[01-Mar-2016 14:25:42 UTC] PHP   2. test() /home/ubuntu/workspace/week3/Pe3Wl3a-2.php:17
[01-Mar-2016 14:31:35 UTC] PHP Warning:  array_sum() expects parameter 1 to be array, null given in /home/ubuntu/workspace/week3/Pe3Wl3a-2.php on line 13
[01-Mar-2016 14:31:35 UTC] PHP Stack trace:
[01-Mar-2016 14:31:35 UTC] PHP   1. {main}() /home/ubuntu/workspace/week3/Pe3Wl3a-2.php:0
[01-Mar-2016 14:31:35 UTC] PHP   2. test() /home/ubuntu/workspace/week3/Pe3Wl3a-2.php:17
[01-Mar-2016 14:31:35 UTC] PHP   3. array_sum() /home/ubuntu/workspace/week3/Pe3Wl3a-2.php:13
[01-Mar-2016 14:31:35 UTC] PHP Warning:  Division by zero in /home/ubuntu/workspace/week3/Pe3Wl3a-2.php on line 13
[01-Mar-2016 14:31:35 UTC] PHP Stack trace:
[01-Mar-2016 14:31:35 UTC] PHP   1. {main}() /home/ubuntu/workspace/week3/Pe3Wl3a-2.php:0
[01-Mar-2016 14:31:35 UTC] PHP   2. test() /home/ubuntu/workspace/week3/Pe3Wl3a-2.php:17
[02-Mar-2016 09:43:09 UTC] PHP Parse error:  syntax error, unexpected '.' in /home/ubuntu/workspace/week3/Pe3Wl3a2.php on line 13
[02-Mar-2016 09:43:43 UTC] PHP Fatal error:  Call to undefined function gemiddelde() in /home/ubuntu/workspace/week3/Pe3Wl3a2.php on line 15
[02-Mar-2016 09:43:43 UTC] PHP Stack trace:
[02-Mar-2016 09:43:43 UTC] PHP   1. {main}() /home/ubuntu/workspace/week3/Pe3Wl3a2.php:0
[02-Mar-2016 11:39:09 UTC] PHP Parse error:  syntax error, unexpected 'Array' (T_ARRAY), expecting ',' or ';' in /home/ubuntu/workspace/week3/Pe3Wk3b.php on line 12
[02-Mar-2016 11:53:22 UTC] PHP Warning:  ksort() expects parameter 1 to be array, null given in /home/ubuntu/workspace/week3/Pe3Wk3b.php on line 22
[02-Mar-2016 11:53:22 UTC] PHP Stack trace:
[02-Mar-2016 11:53:22 UTC] PHP   1. {main}() /home/ubuntu/workspace/week3/Pe3Wk3b.php:0
[02-Mar-2016 11:53:22 UTC] PHP   2. ksort() /home/ubuntu/workspace/week3/Pe3Wk3b.php:22
[02-Mar-2016 12:02:42 UTC] PHP Warning:  uasort() expects exactly 2 parameters, 1 given in /home/ubuntu/workspace/week3/Pe3Wk3b.php on line 35
[02-Mar-2016 12:02:42 UTC] PHP Stack trace:
[02-Mar-2016 12:02:42 UTC] PHP   1. {main}() /home/ubuntu/workspace/week3/Pe3Wk3b.php:0
[02-Mar-2016 12:02:42 UTC] PHP   2. uasort() /home/ubuntu/workspace/week3/Pe3Wk3b.php:35
[02-Mar-2016 12:05:04 UTC] PHP Parse error:  syntax error, unexpected 'key' (T_STRING), expecting ',' or ';' in /home/ubuntu/workspace/week3/Pe3Wk3b.php on line 35
[02-Mar-2016 12:32:36 UTC] PHP Parse error:  syntax error, unexpected '$cijfers' (T_VARIABLE), expecting ',' or ';' in /home/ubuntu/workspace/week3/Pe3Wk3b.php on line 18
[02-Mar-2016 12:45:45 UTC] PHP Warning:  implode(): Argument must be an array in /home/ubuntu/workspace/week3/Pe3Wk3b.php on line 44
[02-Mar-2016 12:45:45 UTC] PHP Stack trace:
[02-Mar-2016 12:45:45 UTC] PHP   1. {main}() /home/ubuntu/workspace/week3/Pe3Wk3b.php:0
[02-Mar-2016 12:45:45 UTC] PHP   2. implode() /home/ubuntu/workspace/week3/Pe3Wk3b.php:44
[02-Mar-2016 12:45:45 UTC] PHP Warning:  explode() expects at least 2 parameters, 1 given in /home/ubuntu/workspace/week3/Pe3Wk3b.php on line 45
[02-Mar-2016 12:45:45 UTC] PHP Stack trace:
[02-Mar-2016 12:45:45 UTC] PHP   1. {main}() /home/ubuntu/workspace/week3/Pe3Wk3b.php:0
[02-Mar-2016 12:45:45 UTC] PHP   2. explode() /home/ubuntu/workspace/week3/Pe3Wk3b.php:45
[02-Mar-2016 12:46:18 UTC] PHP Warning:  explode() expects at least 2 parameters, 1 given in /home/ubuntu/workspace/week3/Pe3Wk3b.php on line 45
[02-Mar-2016 12:46:18 UTC] PHP Stack trace:
[02-Mar-2016 12:46:18 UTC] PHP   1. {main}() /home/ubuntu/workspace/week3/Pe3Wk3b.php:0
[02-Mar-2016 12:46:18 UTC] PHP   2. explode() /home/ubuntu/workspace/week3/Pe3Wk3b.php:45
[02-Mar-2016 12:46:48 UTC] PHP Warning:  explode() expects at least 2 parameters, 1 given in /home/ubuntu/workspace/week3/Pe3Wk3b.php on line 45
[02-Mar-2016 12:46:48 UTC] PHP Stack trace:
[02-Mar-2016 12:46:48 UTC] PHP   1. {main}() /home/ubuntu/workspace/week3/Pe3Wk3b.php:0
[02-Mar-2016 12:46:48 UTC] PHP   2. explode() /home/ubuntu/workspace/week3/Pe3Wk3b.php:45
[02-Mar-2016 12:47:12 UTC] PHP Warning:  explode() expects at least 2 parameters, 1 given in /home/ubuntu/workspace/week3/Pe3Wk3b.php on line 44
[02-Mar-2016 12:47:12 UTC] PHP Stack trace:
[02-Mar-2016 12:47:12 UTC] PHP   1. {main}() /home/ubuntu/workspace/week3/Pe3Wk3b.php:0
[02-Mar-2016 12:47:12 UTC] PHP   2. explode() /home/ubuntu/workspace/week3/Pe3Wk3b.php:44
[09-Mar-2016 15:27:03 UTC] PHP Parse error:  syntax error, unexpected '$POST' (T_VARIABLE) in /home/ubuntu/workspace/week4/Pe3Wk4a.php on line 43
[09-Mar-2016 15:31:38 UTC] PHP Parse error:  syntax error, unexpected '}' in /home/ubuntu/workspace/week4/Pe3Wk4a.php on line 80
[09-Mar-2016 17:54:14 UTC] PHP Fatal error:  Call to undefined function test_input() in /home/ubuntu/workspace/week4/Pe3Wk4a.php on line 13
[09-Mar-2016 17:54:14 UTC] PHP Stack trace:
[09-Mar-2016 17:54:14 UTC] PHP   1. {main}() /home/ubuntu/workspace/week4/Pe3Wk4a.php:0
[12-Mar-2016 19:10:52 UTC] PHP Fatal error:  Call to undefined function test_input() in /home/ubuntu/workspace/week4/Pe3Wk4a.php on line 11
[12-Mar-2016 19:10:52 UTC] PHP Stack trace:
[12-Mar-2016 19:10:52 UTC] PHP   1. {main}() /home/ubuntu/workspace/week4/Pe3Wk4a.php:0
[12-Mar-2016 19:11:17 UTC] PHP Fatal error:  Call to undefined function test_input() in /home/ubuntu/workspace/week4/Pe3Wk4a.php on line 13
[12-Mar-2016 19:11:17 UTC] PHP Stack trace:
[12-Mar-2016 19:11:17 UTC] PHP   1. {main}() /home/ubuntu/workspace/week4/Pe3Wk4a.php:0
[15-Mar-2016 07:59:16 UTC] PHP Fatal error:  Call to undefined function test_input() in /home/ubuntu/workspace/week4/Pe3Wk4a.php on line 13
[15-Mar-2016 07:59:16 UTC] PHP Stack trace:
[15-Mar-2016 07:59:16 UTC] PHP   1. {main}() /home/ubuntu/workspace/week4/Pe3Wk4a.php:0
[15-Mar-2016 08:06:29 UTC] PHP Fatal error:  Call to undefined function test_input() in /home/ubuntu/workspace/week4/Pe3Wk4a.php on line 13
[15-Mar-2016 08:06:29 UTC] PHP Stack trace:
[15-Mar-2016 08:06:29 UTC] PHP   1. {main}() /home/ubuntu/workspace/week4/Pe3Wk4a.php:0
[15-Mar-2016 08:06:44 UTC] PHP Parse error:  syntax error, unexpected '}', expecting ',' or ';' in /home/ubuntu/workspace/week4/Pe3Wk4a2.php on line 13
[15-Mar-2016 08:14:38 UTC] PHP Parse error:  syntax error, unexpected '.' in /home/ubuntu/workspace/week4/Pe3Wk4a2.php on line 10
[15-Mar-2016 09:42:58 UTC] PHP Fatal error:  Call to a member function exec() on a non-object in /home/ubuntu/workspace/week5/Pe3Wk51.php on line 26
[15-Mar-2016 09:42:58 UTC] PHP Stack trace:
[15-Mar-2016 09:42:58 UTC] PHP   1. {main}() /home/ubuntu/workspace/week5/Pe3Wk51.php:0
[15-Mar-2016 09:43:23 UTC] PHP Fatal error:  Call to a member function exec() on a non-object in /home/ubuntu/workspace/week5/Pe3Wk51.php on line 26
[15-Mar-2016 09:43:23 UTC] PHP Stack trace:
[15-Mar-2016 09:43:23 UTC] PHP   1. {main}() /home/ubuntu/workspace/week5/Pe3Wk51.php:0
[15-Mar-2016 09:43:42 UTC] PHP Fatal error:  Call to a member function exec() on a non-object in /home/ubuntu/workspace/week5/Pe3Wk51.php on line 26
[15-Mar-2016 09:43:42 UTC] PHP Stack trace:
[15-Mar-2016 09:43:42 UTC] PHP   1. {main}() /home/ubuntu/workspace/week5/Pe3Wk51.php:0
[15-Mar-2016 09:43:52 UTC] PHP Fatal error:  Call to a member function exec() on a non-object in /home/ubuntu/workspace/week5/Pe3Wk51.php on line 26
[15-Mar-2016 09:43:52 UTC] PHP Stack trace:
[15-Mar-2016 09:43:52 UTC] PHP   1. {main}() /home/ubuntu/workspace/week5/Pe3Wk51.php:0
[15-Mar-2016 09:44:01 UTC] PHP Fatal error:  Call to a member function exec() on a non-object in /home/ubuntu/workspace/week5/Pe3Wk51.php on line 26
[15-Mar-2016 09:44:01 UTC] PHP Stack trace:
[15-Mar-2016 09:44:01 UTC] PHP   1. {main}() /home/ubuntu/workspace/week5/Pe3Wk51.php:0
[15-Mar-2016 09:44:11 UTC] PHP Fatal error:  Call to a member function exec() on a non-object in /home/ubuntu/workspace/week5/Pe3Wk51.php on line 26
[15-Mar-2016 09:44:11 UTC] PHP Stack trace:
[15-Mar-2016 09:44:11 UTC] PHP   1. {main}() /home/ubuntu/workspace/week5/Pe3Wk51.php:0
[15-Mar-2016 09:45:05 UTC] PHP Fatal error:  Call to a member function exec() on a non-object in /home/ubuntu/workspace/week5/Pe3Wk51.php on line 26
[15-Mar-2016 09:45:05 UTC] PHP Stack trace:
[15-Mar-2016 09:45:05 UTC] PHP   1. {main}() /home/ubuntu/workspace/week5/Pe3Wk51.php:0
[15-Mar-2016 09:45:12 UTC] PHP Fatal error:  Call to a member function exec() on a non-object in /home/ubuntu/workspace/week5/Pe3Wk51.php on line 26
[15-Mar-2016 09:45:12 UTC] PHP Stack trace:
[15-Mar-2016 09:45:12 UTC] PHP   1. {main}() /home/ubuntu/workspace/week5/Pe3Wk51.php:0
[15-Mar-2016 09:45:16 UTC] PHP Fatal error:  Call to a member function exec() on a non-object in /home/ubuntu/workspace/week5/Pe3Wk51.php on line 26
[15-Mar-2016 09:45:16 UTC] PHP Stack trace:
[15-Mar-2016 09:45:16 UTC] PHP   1. {main}() /home/ubuntu/workspace/week5/Pe3Wk51.php:0
[15-Mar-2016 09:45:24 UTC] PHP Fatal error:  Call to a member function exec() on a non-object in /home/ubuntu/workspace/week5/Pe3Wk51.php on line 26
[15-Mar-2016 09:45:24 UTC] PHP Stack trace:
[15-Mar-2016 09:45:24 UTC] PHP   1. {main}() /home/ubuntu/workspace/week5/Pe3Wk51.php:0
[15-Mar-2016 09:46:41 UTC] PHP Fatal error:  Call to a member function exec() on a non-object in /home/ubuntu/workspace/week5/Pe3Wk51.php on line 26
[15-Mar-2016 09:46:41 UTC] PHP Stack trace:
[15-Mar-2016 09:46:41 UTC] PHP   1. {main}() /home/ubuntu/workspace/week5/Pe3Wk51.php:0
[15-Mar-2016 09:48:25 UTC] PHP Fatal error:  Uncaught exception 'PDOException' with message 'SQLSTATE[HY000] [1045] Access denied for user 'simone'@'localhost' (using password: NO)' in /home/ubuntu/workspace/week5/Pe3Wk51.php:23
Stack trace:
#0 /home/ubuntu/workspace/week5/Pe3Wk51.php(23): PDO->__construct('mysql:host=;dbn...', 'simone', '')
#1 {main}
  thrown in /home/ubuntu/workspace/week5/Pe3Wk51.php on line 23
[15-Mar-2016 09:49:34 UTC] PHP Fatal error:  Uncaught exception 'PDOException' with message 'SQLSTATE[HY000] [1045] Access denied for user 'simone'@'localhost' (using password: NO)' in /home/ubuntu/workspace/week5/Pe3Wk51.php:23
Stack trace:
#0 /home/ubuntu/workspace/week5/Pe3Wk51.php(23): PDO->__construct('mysql:host=;dbn...', 'simone', '')
#1 {main}
  thrown in /home/ubuntu/workspace/week5/Pe3Wk51.php on line 23
[15-Mar-2016 09:49:40 UTC] PHP Fatal error:  Uncaught exception 'PDOException' with message 'SQLSTATE[HY000] [1045] Access denied for user 'simone'@'localhost' (using password: NO)' in /home/ubuntu/workspace/week5/Pe3Wk51.php:23
Stack trace:
#0 /home/ubuntu/workspace/week5/Pe3Wk51.php(23): PDO->__construct('mysql:host=;dbn...', 'simone', '')
#1 {main}
  thrown in /home/ubuntu/workspace/week5/Pe3Wk51.php on line 23
[22-Mar-2016 10:25:57 UTC] PHP Parse error:  syntax error, unexpected '=' in /home/ubuntu/workspace/week5/Pe3Wk51.php on line 19
[23-Mar-2016 09:34:35 UTC] PHP Warning:  Invalid argument supplied for foreach() in /home/ubuntu/workspace/week6/week6.php on line 23
[23-Mar-2016 09:34:35 UTC] PHP Stack trace:
[23-Mar-2016 09:34:35 UTC] PHP   1. {main}() /home/ubuntu/workspace/week6/week6.php:0
[23-Mar-2016 09:35:59 UTC] PHP Warning:  Invalid argument supplied for foreach() in /home/ubuntu/workspace/week6/week6.php on line 23
[23-Mar-2016 09:35:59 UTC] PHP Stack trace:
[23-Mar-2016 09:35:59 UTC] PHP   1. {main}() /home/ubuntu/workspace/week6/week6.php:0
[23-Mar-2016 09:36:14 UTC] PHP Warning:  Invalid argument supplied for foreach() in /home/ubuntu/workspace/week6/week6.php on line 23
[23-Mar-2016 09:36:14 UTC] PHP Stack trace:
[23-Mar-2016 09:36:14 UTC] PHP   1. {main}() /home/ubuntu/workspace/week6/week6.php:0
[23-Mar-2016 09:40:01 UTC] PHP Parse error:  syntax error, unexpected '70' (T_LNUMBER), expecting ',' or ';' in /home/ubuntu/workspace/week6/week6.php on line 24
[23-Mar-2016 09:41:50 UTC] PHP Parse error:  syntax error, unexpected '}' in /home/ubuntu/workspace/week6/week6.php on line 37
[23-Mar-2016 09:48:46 UTC] PHP Parse error:  syntax error, unexpected '}' in /home/ubuntu/workspace/week6/week6.php on line 33
[23-Mar-2016 10:07:31 UTC] PHP Warning:  Invalid argument supplied for foreach() in /home/ubuntu/workspace/week6/Pe3Wk6-2.php on line 24
[23-Mar-2016 10:07:31 UTC] PHP Stack trace:
[23-Mar-2016 10:07:31 UTC] PHP   1. {main}() /home/ubuntu/workspace/week6/Pe3Wk6-2.php:0
[23-Mar-2016 10:07:57 UTC] PHP Warning:  Invalid argument supplied for foreach() in /home/ubuntu/workspace/week6/Pe3Wk6-2.php on line 24
[23-Mar-2016 10:07:57 UTC] PHP Stack trace:
[23-Mar-2016 10:07:57 UTC] PHP   1. {main}() /home/ubuntu/workspace/week6/Pe3Wk6-2.php:0
[23-Mar-2016 10:52:15 UTC] PHP Parse error:  syntax error, unexpected '>' in /home/ubuntu/workspace/week6/Pe3Wk6-2.php on line 32
[23-Mar-2016 10:52:15 UTC] PHP Parse error:  syntax error, unexpected '>' in /home/ubuntu/workspace/week6/Pe3Wk6-2.php on line 32
[23-Mar-2016 10:53:05 UTC] PHP Parse error:  syntax error, unexpected '>' in /home/ubuntu/workspace/week6/Pe3Wk6-2.php on line 32
[23-Mar-2016 12:43:45 UTC] PHP Warning:  Division by zero in /home/ubuntu/workspace/week6/Pe3Wk6-3.php on line 52
[23-Mar-2016 12:43:45 UTC] PHP Stack trace:
[23-Mar-2016 12:43:45 UTC] PHP   1. {main}() /home/ubuntu/workspace/week6/Pe3Wk6-3.php:0
[23-Mar-2016 12:44:15 UTC] PHP Warning:  Invalid argument supplied for foreach() in /home/ubuntu/workspace/week6/Pe3Wk6-3.php on line 46
[23-Mar-2016 12:44:15 UTC] PHP Stack trace:
[23-Mar-2016 12:44:15 UTC] PHP   1. {main}() /home/ubuntu/workspace/week6/Pe3Wk6-3.php:0
[23-Mar-2016 12:44:15 UTC] PHP Warning:  Division by zero in /home/ubuntu/workspace/week6/Pe3Wk6-3.php on line 52
[23-Mar-2016 12:44:15 UTC] PHP Stack trace:
[23-Mar-2016 12:44:15 UTC] PHP   1. {main}() /home/ubuntu/workspace/week6/Pe3Wk6-3.php:0
[23-Mar-2016 12:46:23 UTC] PHP Warning:  Invalid argument supplied for foreach() in /home/ubuntu/workspace/week6/Pe3Wk6-3.php on line 46
[23-Mar-2016 12:46:23 UTC] PHP Stack trace:
[23-Mar-2016 12:46:23 UTC] PHP   1. {main}() /home/ubuntu/workspace/week6/Pe3Wk6-3.php:0
[23-Mar-2016 12:46:23 UTC] PHP Warning:  Division by zero in /home/ubuntu/workspace/week6/Pe3Wk6-3.php on line 52
[23-Mar-2016 12:46:23 UTC] PHP Stack trace:
[23-Mar-2016 12:46:23 UTC] PHP   1. {main}() /home/ubuntu/workspace/week6/Pe3Wk6-3.php:0
[23-Mar-2016 12:47:03 UTC] PHP Warning:  Invalid argument supplied for foreach() in /home/ubuntu/workspace/week6/Pe3Wk6-3.php on line 20
[23-Mar-2016 12:47:03 UTC] PHP Stack trace:
[23-Mar-2016 12:47:03 UTC] PHP   1. {main}() /home/ubuntu/workspace/week6/Pe3Wk6-3.php:0
[23-Mar-2016 12:47:41 UTC] PHP Warning:  Invalid argument supplied for foreach() in /home/ubuntu/workspace/week6/Pe3Wk6-3.php on line 20
[23-Mar-2016 12:47:41 UTC] PHP Stack trace:
[23-Mar-2016 12:47:41 UTC] PHP   1. {main}() /home/ubuntu/workspace/week6/Pe3Wk6-3.php:0
[30-Mar-2016 09:23:26 UTC] PHP Parse error:  syntax error, unexpected '"SELECT * from cijfer"' (T_CONSTANT_ENCAPSED_STRING) in /home/ubuntu/workspace/week7/Pe3Wk7a.php on line 25
[30-Mar-2016 09:23:45 UTC] PHP Fatal error:  Call to a member function exec() on a non-object in /home/ubuntu/workspace/week7/Pe3Wk7a.php on line 51
[30-Mar-2016 09:23:45 UTC] PHP Stack trace:
[30-Mar-2016 09:23:45 UTC] PHP   1. {main}() /home/ubuntu/workspace/week7/Pe3Wk7a.php:0
[30-Mar-2016 09:23:51 UTC] PHP Fatal error:  Call to a member function exec() on a non-object in /home/ubuntu/workspace/week7/Pe3Wk7a.php on line 51
[30-Mar-2016 09:23:51 UTC] PHP Stack trace:
[30-Mar-2016 09:23:51 UTC] PHP   1. {main}() /home/ubuntu/workspace/week7/Pe3Wk7a.php:0
[30-Mar-2016 09:23:58 UTC] PHP Fatal error:  Call to a member function exec() on a non-object in /home/ubuntu/workspace/week7/Pe3Wk7a.php on line 51
[30-Mar-2016 09:23:58 UTC] PHP Stack trace:
[30-Mar-2016 09:23:58 UTC] PHP   1. {main}() /home/ubuntu/workspace/week7/Pe3Wk7a.php:0
[30-Mar-2016 09:24:02 UTC] PHP Fatal error:  Call to a member function exec() on a non-object in /home/ubuntu/workspace/week7/Pe3Wk7a.php on line 51
[30-Mar-2016 09:24:02 UTC] PHP Stack trace:
[30-Mar-2016 09:24:02 UTC] PHP   1. {main}() /home/ubuntu/workspace/week7/Pe3Wk7a.php:0
[30-Mar-2016 11:26:23 UTC] PHP Warning:  Division by zero in /home/ubuntu/workspace/week6/Pe3Wk6-2.php on line 28
[30-Mar-2016 11:26:23 UTC] PHP Stack trace:
[30-Mar-2016 11:26:23 UTC] PHP   1. {main}() /home/ubuntu/workspace/week6/Pe3Wk6-2.php:0
[30-Mar-2016 12:51:07 UTC] PHP Warning:  Division by zero in /home/ubuntu/workspace/week6/Pe3Wk6-2.php on line 28
[30-Mar-2016 12:51:07 UTC] PHP Stack trace:
[30-Mar-2016 12:51:07 UTC] PHP   1. {main}() /home/ubuntu/workspace/week6/Pe3Wk6-2.php:0
[05-Apr-2016 07:09:09 UTC] PHP Parse error:  syntax error, unexpected '{' in /home/ubuntu/workspace/week1/bestand.php on line 28
[05-Apr-2016 07:09:31 UTC] PHP Parse error:  syntax error, unexpected ';' in /home/ubuntu/workspace/week1/bestand.php on line 29
[05-Apr-2016 07:10:21 UTC] PHP Fatal error:  Call to undefined function isser() in /home/ubuntu/workspace/week1/bestand.php on line 28
[05-Apr-2016 07:10:21 UTC] PHP Stack trace:
[05-Apr-2016 07:10:21 UTC] PHP   1. {main}() /home/ubuntu/workspace/week1/bestand.php:0
[05-Apr-2016 07:11:22 UTC] PHP Fatal error:  Call to undefined function isser() in /home/ubuntu/workspace/week1/bestand.php on line 28
[05-Apr-2016 07:11:22 UTC] PHP Stack trace:
[05-Apr-2016 07:11:22 UTC] PHP   1. {main}() /home/ubuntu/workspace/week1/bestand.php:0
[06-Apr-2016 11:18:46 UTC] PHP Parse error:  syntax error, unexpected end of file in /home/ubuntu/workspace/eindopdracht/eindresultaat.php on line 125
[06-Apr-2016 11:19:34 UTC] PHP Parse error:  syntax error, unexpected end of file in /home/ubuntu/workspace/eindopdracht/eindresultaat.php on line 101
[06-Apr-2016 11:21:03 UTC] PHP Parse error:  syntax error, unexpected end of file in /home/ubuntu/workspace/eindopdracht/eindresultaat.php on line 99
[06-Apr-2016 11:22:51 UTC] PHP Parse error:  syntax error, unexpected '<' in /home/ubuntu/workspace/eindopdracht/eindresultaat.php on line 20
[06-Apr-2016 11:23:32 UTC] PHP Parse error:  syntax error, unexpected '<' in /home/ubuntu/workspace/eindopdracht/eindresultaat.php on line 20
[06-Apr-2016 11:24:50 UTC] PHP Parse error:  syntax error, unexpected end of file in /home/ubuntu/workspace/eindopdracht/eindresultaat.php on line 110
[06-Apr-2016 11:31:06 UTC] PHP Parse error:  syntax error, unexpected 'post' (T_STRING), expecting ',' or ';' in /home/ubuntu/workspace/eindopdracht/eindresultaat.php on line 17
[06-Apr-2016 11:37:15 UTC] PHP Fatal error:  Call to a member function query() on a non-object in /home/ubuntu/workspace/eindopdracht/eindresultaat.php on line 67
[06-Apr-2016 11:37:15 UTC] PHP Stack trace:
[06-Apr-2016 11:37:15 UTC] PHP   1. {main}() /home/ubuntu/workspace/eindopdracht/eindresultaat.php:0
[06-Apr-2016 11:51:00 UTC] PHP Warning:  PDO::exec(): SQLSTATE[HY000]: General error: trying to execute an empty query in /home/ubuntu/workspace/eindopdracht/eindresultaat.php on line 48
[06-Apr-2016 11:51:00 UTC] PHP Stack trace:
[06-Apr-2016 11:51:00 UTC] PHP   1. {main}() /home/ubuntu/workspace/eindopdracht/eindresultaat.php:0
[06-Apr-2016 11:51:00 UTC] PHP   2. PDO->exec() /home/ubuntu/workspace/eindopdracht/eindresultaat.php:48
[06-Apr-2016 13:55:50 UTC] PHP Warning:  Division by zero in /home/ubuntu/workspace/week6/Pe3Wk6-2.php on line 28
[06-Apr-2016 13:55:50 UTC] PHP Stack trace:
[06-Apr-2016 13:55:50 UTC] PHP   1. {main}() /home/ubuntu/workspace/week6/Pe3Wk6-2.php:0
[09-Apr-2016 13:46:04 UTC] PHP Parse error:  syntax error, unexpected '"submit"' (T_CONSTANT_ENCAPSED_STRING) in /home/ubuntu/workspace/week2/Pe3Wk2a-2.php on line 30
[10-May-2016 10:49:45 UTC] PHP Warning:  Invalid argument supplied for foreach() in /home/ubuntu/workspace/login/updateverwijder.php on line 61
[10-May-2016 10:49:45 UTC] PHP Stack trace:
[10-May-2016 10:49:45 UTC] PHP   1. {main}() /home/ubuntu/workspace/login/updateverwijder.php:0
[10-May-2016 10:49:45 UTC] PHP Warning:  Invalid argument supplied for foreach() in /home/ubuntu/workspace/login/updateverwijder.php on line 77
[10-May-2016 10:49:45 UTC] PHP Stack trace:
[10-May-2016 10:49:45 UTC] PHP   1. {main}() /home/ubuntu/workspace/login/updateverwijder.php:0
[10-May-2016 10:50:45 UTC] PHP Warning:  Invalid argument supplied for foreach() in /home/ubuntu/workspace/login/updateverwijder.php on line 66
[10-May-2016 10:50:45 UTC] PHP Stack trace:
[10-May-2016 10:50:45 UTC] PHP   1. {main}() /home/ubuntu/workspace/login/updateverwijder.php:0
[10-May-2016 10:51:30 UTC] PHP Warning:  Invalid argument supplied for foreach() in /home/ubuntu/workspace/login/updateverwijder.php on line 61
[10-May-2016 10:51:30 UTC] PHP Stack trace:
[10-May-2016 10:51:30 UTC] PHP   1. {main}() /home/ubuntu/workspace/login/updateverwijder.php:0
[10-May-2016 10:51:30 UTC] PHP Warning:  Invalid argument supplied for foreach() in /home/ubuntu/workspace/login/updateverwijder.php on line 77
[10-May-2016 10:51:30 UTC] PHP Stack trace:
[10-May-2016 10:51:30 UTC] PHP   1. {main}() /home/ubuntu/workspace/login/updateverwijder.php:0
[10-May-2016 10:52:52 UTC] PHP Warning:  Invalid argument supplied for foreach() in /home/ubuntu/workspace/login/updateverwijder.php on line 62
[10-May-2016 10:52:52 UTC] PHP Stack trace:
[10-May-2016 10:52:52 UTC] PHP   1. {main}() /home/ubuntu/workspace/login/updateverwijder.php:0
[10-May-2016 10:52:52 UTC] PHP Warning:  Invalid argument supplied for foreach() in /home/ubuntu/workspace/login/updateverwijder.php on line 78
[10-May-2016 10:52:52 UTC] PHP Stack trace:
[10-May-2016 10:52:52 UTC] PHP   1. {main}() /home/ubuntu/workspace/login/updateverwijder.php:0
[10-May-2016 10:56:46 UTC] PHP Parse error:  syntax error, unexpected '$id' (T_VARIABLE) in /home/ubuntu/workspace/login/updateverwijder.php on line 24
[10-May-2016 10:58:29 UTC] PHP Parse error:  syntax error, unexpected '"' where id = "' (T_CONSTANT_ENCAPSED_STRING) in /home/ubuntu/workspace/login/updateverwijder.php on line 25
[10-May-2016 10:58:45 UTC] PHP Warning:  Invalid argument supplied for foreach() in /home/ubuntu/workspace/login/updateverwijder.php on line 53
[10-May-2016 10:58:45 UTC] PHP Stack trace:
[10-May-2016 10:58:45 UTC] PHP   1. {main}() /home/ubuntu/workspace/login/updateverwijder.php:0
[10-May-2016 11:20:57 UTC] PHP Parse error:  syntax error, unexpected '$id' (T_VARIABLE) in /home/ubuntu/workspace/login/updateverwijder.php on line 35
[10-May-2016 11:21:05 UTC] PHP Warning:  Invalid argument supplied for foreach() in /home/ubuntu/workspace/login/updateverwijder.php on line 54
[10-May-2016 11:21:05 UTC] PHP Stack trace:
[10-May-2016 11:21:05 UTC] PHP   1. {main}() /home/ubuntu/workspace/login/updateverwijder.php:0
[11-May-2016 07:25:05 UTC] PHP Warning:  fopen(http://www.google.com/): failed to open stream: HTTP wrapper does not support writeable connections in /home/ubuntu/workspace/Periode4/fileupload.php on line 2
[11-May-2016 07:25:05 UTC] PHP Stack trace:
[11-May-2016 07:25:05 UTC] PHP   1. {main}() /home/ubuntu/workspace/Periode4/fileupload.php:0
[11-May-2016 07:25:05 UTC] PHP   2. fopen() /home/ubuntu/workspace/Periode4/fileupload.php:2
[11-May-2016 07:26:24 UTC] PHP Warning:  fopen(/hello.txt): failed to open stream: Permission denied in /home/ubuntu/workspace/Periode4/fileupload.php on line 2
[11-May-2016 07:26:24 UTC] PHP Stack trace:
[11-May-2016 07:26:24 UTC] PHP   1. {main}() /home/ubuntu/workspace/Periode4/fileupload.php:0
[11-May-2016 07:26:24 UTC] PHP   2. fopen() /home/ubuntu/workspace/Periode4/fileupload.php:2
[12-May-2016 11:04:29 UTC] PHP Warning:  Invalid argument supplied for foreach() in /home/ubuntu/workspace/login/updateverwijder.php on line 29
[12-May-2016 11:04:29 UTC] PHP Stack trace:
[12-May-2016 11:04:29 UTC] PHP   1. {main}() /home/ubuntu/workspace/login/updateverwijder.php:0
[12-May-2016 11:06:46 UTC] PHP Parse error:  syntax error, unexpected '}' in /home/ubuntu/workspace/login/updateverwijder.php on line 23
[12-May-2016 11:08:40 UTC] PHP Warning:  Invalid argument supplied for foreach() in /home/ubuntu/workspace/login/updateverwijder.php on line 27
[12-May-2016 11:08:40 UTC] PHP Stack trace:
[12-May-2016 11:08:40 UTC] PHP   1. {main}() /home/ubuntu/workspace/login/updateverwijder.php:0
[12-May-2016 11:15:55 UTC] PHP Parse error:  syntax error, unexpected '$id' (T_VARIABLE) in /home/ubuntu/workspace/login/test1.php on line 28
[12-May-2016 11:55:14 UTC] PHP Parse error:  syntax error, unexpected 'echo' (T_ECHO) in /home/ubuntu/workspace/login/test1.php on line 48
[12-May-2016 13:09:01 UTC] PHP Warning:  Invalid argument supplied for foreach() in /home/ubuntu/workspace/login/test1.php on line 46
[12-May-2016 13:09:01 UTC] PHP Stack trace:
[12-May-2016 13:09:01 UTC] PHP   1. {main}() /home/ubuntu/workspace/login/test1.php:0
[12-May-2016 13:09:20 UTC] PHP Warning:  Invalid argument supplied for foreach() in /home/ubuntu/workspace/login/test1.php on line 46
[12-May-2016 13:09:20 UTC] PHP Stack trace:
[12-May-2016 13:09:20 UTC] PHP   1. {main}() /home/ubuntu/workspace/login/test1.php:0
[12-May-2016 13:09:31 UTC] PHP Warning:  Invalid argument supplied for foreach() in /home/ubuntu/workspace/login/test1.php on line 46
[12-May-2016 13:09:31 UTC] PHP Stack trace:
[12-May-2016 13:09:31 UTC] PHP   1. {main}() /home/ubuntu/workspace/login/test1.php:0
[12-May-2016 13:13:45 UTC] PHP Warning:  mysql_query(): Access denied for user ''@'localhost' (using password: NO) in /home/ubuntu/workspace/login/login.php on line 13
[12-May-2016 13:13:45 UTC] PHP Stack trace:
[12-May-2016 13:13:45 UTC] PHP   1. {main}() /home/ubuntu/workspace/login/login.php:0
[12-May-2016 13:13:45 UTC] PHP   2. mysql_query() /home/ubuntu/workspace/login/login.php:13
[12-May-2016 13:13:45 UTC] PHP Warning:  mysql_query(): A link to the server could not be established in /home/ubuntu/workspace/login/login.php on line 13
[12-May-2016 13:13:45 UTC] PHP Stack trace:
[12-May-2016 13:13:45 UTC] PHP   1. {main}() /home/ubuntu/workspace/login/login.php:0
[12-May-2016 13:13:45 UTC] PHP   2. mysql_query() /home/ubuntu/workspace/login/login.php:13
[12-May-2016 13:13:45 UTC] PHP Warning:  mysql_num_rows() expects parameter 1 to be resource, boolean given in /home/ubuntu/workspace/login/login.php on line 15
[12-May-2016 13:13:45 UTC] PHP Stack trace:
[12-May-2016 13:13:45 UTC] PHP   1. {main}() /home/ubuntu/workspace/login/login.php:0
[12-May-2016 13:13:45 UTC] PHP   2. mysql_num_rows() /home/ubuntu/workspace/login/login.php:15
[12-May-2016 13:14:05 UTC] PHP Warning:  mysql_query(): Access denied for user ''@'localhost' (using password: NO) in /home/ubuntu/workspace/login/login.php on line 13
[12-May-2016 13:14:05 UTC] PHP Stack trace:
[12-May-2016 13:14:05 UTC] PHP   1. {main}() /home/ubuntu/workspace/login/login.php:0
[12-May-2016 13:14:05 UTC] PHP   2. mysql_query() /home/ubuntu/workspace/login/login.php:13
[12-May-2016 13:14:05 UTC] PHP Warning:  mysql_query(): A link to the server could not be established in /home/ubuntu/workspace/login/login.php on line 13
[12-May-2016 13:14:05 UTC] PHP Stack trace:
[12-May-2016 13:14:05 UTC] PHP   1. {main}() /home/ubuntu/workspace/login/login.php:0
[12-May-2016 13:14:05 UTC] PHP   2. mysql_query() /home/ubuntu/workspace/login/login.php:13
[12-May-2016 13:14:05 UTC] PHP Warning:  mysql_num_rows() expects parameter 1 to be resource, boolean given in /home/ubuntu/workspace/login/login.php on line 15
[12-May-2016 13:14:05 UTC] PHP Stack trace:
[12-May-2016 13:14:05 UTC] PHP   1. {main}() /home/ubuntu/workspace/login/login.php:0
[12-May-2016 13:14:05 UTC] PHP   2. mysql_num_rows() /home/ubuntu/workspace/login/login.php:15
[13-May-2016 12:28:59 UTC] PHP Warning:  Invalid argument supplied for foreach() in /home/ubuntu/workspace/login/updateverwijder.php on line 27
[13-May-2016 12:28:59 UTC] PHP Stack trace:
[13-May-2016 12:28:59 UTC] PHP   1. {main}() /home/ubuntu/workspace/login/updateverwijder.php:0
[13-May-2016 12:29:37 UTC] PHP Warning:  Invalid argument supplied for foreach() in /home/ubuntu/workspace/login/updateverwijder.php on line 29
[13-May-2016 12:29:37 UTC] PHP Stack trace:
[13-May-2016 12:29:37 UTC] PHP   1. {main}() /home/ubuntu/workspace/login/updateverwijder.php:0
[13-May-2016 12:30:15 UTC] PHP Warning:  Invalid argument supplied for foreach() in /home/ubuntu/workspace/login/updateverwijder.php on line 28
[13-May-2016 12:30:15 UTC] PHP Stack trace:
[13-May-2016 12:30:15 UTC] PHP   1. {main}() /home/ubuntu/workspace/login/updateverwijder.php:0
[13-May-2016 12:34:40 UTC] PHP Parse error:  syntax error, unexpected 'if' (T_IF) in /home/ubuntu/workspace/login/test1.php on line 67
[13-May-2016 12:43:40 UTC] PHP Parse error:  syntax error, unexpected 'post' (T_STRING), expecting ',' or ';' in /home/ubuntu/workspace/login/test1.php on line 96
[13-May-2016 12:46:01 UTC] PHP Warning:  session_start(): Cannot send session cache limiter - headers already sent (output started at /home/ubuntu/workspace/login/test1.php:59) in /home/ubuntu/workspace/login/test1.php on line 97
[13-May-2016 12:46:01 UTC] PHP Stack trace:
[13-May-2016 12:46:01 UTC] PHP   1. {main}() /home/ubuntu/workspace/login/test1.php:0
[13-May-2016 12:46:01 UTC] PHP   2. session_start() /home/ubuntu/workspace/login/test1.php:97
[13-May-2016 12:51:41 UTC] PHP Parse error:  syntax error, unexpected end of file in /home/ubuntu/workspace/login/test1.php on line 130
[13-May-2016 12:52:00 UTC] PHP Warning:  Invalid argument supplied for foreach() in /home/ubuntu/workspace/login/test1.php on line 69
[13-May-2016 12:52:00 UTC] PHP Stack trace:
[13-May-2016 12:52:00 UTC] PHP   1. {main}() /home/ubuntu/workspace/login/test1.php:0
[13-May-2016 12:52:15 UTC] PHP Warning:  Invalid argument supplied for foreach() in /home/ubuntu/workspace/login/test1.php on line 69
[13-May-2016 12:52:15 UTC] PHP Stack trace:
[13-May-2016 12:52:15 UTC] PHP   1. {main}() /home/ubuntu/workspace/login/test1.php:0
[15-May-2016 19:26:55 UTC] PHP Parse error:  syntax error, unexpected '<' in /home/ubuntu/workspace/other/tableloop.php on line 27
[16-May-2016 11:54:07 UTC] PHP Parse error:  syntax error, unexpected '"</td>"' (T_CONSTANT_ENCAPSED_STRING), expecting ',' or ';' in /home/ubuntu/workspace/other/webwinkel.php on line 26
[16-May-2016 12:12:59 UTC] PHP Parse error:  syntax error, unexpected 'Uit' (T_STRING), expecting ',' or ';' in /home/ubuntu/workspace/other/webwinkel.php on line 37
[16-May-2016 12:14:44 UTC] PHP Parse error:  syntax error, unexpected 'Uit' (T_STRING), expecting ',' or ';' in /home/ubuntu/workspace/other/webwinkel.php on line 37
[16-May-2016 12:16:08 UTC] PHP Parse error:  syntax error, unexpected 'if' (T_IF) in /home/ubuntu/workspace/other/webwinkel.php on line 47
[23-May-2016 14:12:28 UTC] PHP Warning:  include(databasephp): failed to open stream: No such file or directory in /home/ubuntu/workspace/login/image_class.php on line 4
[23-May-2016 14:12:28 UTC] PHP Stack trace:
[23-May-2016 14:12:28 UTC] PHP   1. {main}() /home/ubuntu/workspace/login/index.php:0
[23-May-2016 14:12:28 UTC] PHP   2. include() /home/ubuntu/workspace/login/index.php:3
[23-May-2016 14:12:28 UTC] PHP Warning:  include(): Failed opening 'databasephp' for inclusion (include_path='.:/usr/share/php:/usr/share/pear') in /home/ubuntu/workspace/login/image_class.php on line 4
[23-May-2016 14:12:28 UTC] PHP Stack trace:
[23-May-2016 14:12:28 UTC] PHP   1. {main}() /home/ubuntu/workspace/login/index.php:0
[23-May-2016 14:12:28 UTC] PHP   2. include() /home/ubuntu/workspace/login/index.php:3
[23-May-2016 14:13:01 UTC] PHP Warning:  include(databasephp): failed to open stream: No such file or directory in /home/ubuntu/workspace/login/image_class.php on line 4
[23-May-2016 14:13:01 UTC] PHP Stack trace:
[23-May-2016 14:13:01 UTC] PHP   1. {main}() /home/ubuntu/workspace/login/index.php:0
[23-May-2016 14:13:01 UTC] PHP   2. include() /home/ubuntu/workspace/login/index.php:3
[23-May-2016 14:13:01 UTC] PHP Warning:  include(): Failed opening 'databasephp' for inclusion (include_path='.:/usr/share/php:/usr/share/pear') in /home/ubuntu/workspace/login/image_class.php on line 4
[23-May-2016 14:13:01 UTC] PHP Stack trace:
[23-May-2016 14:13:01 UTC] PHP   1. {main}() /home/ubuntu/workspace/login/index.php:0
[23-May-2016 14:13:01 UTC] PHP   2. include() /home/ubuntu/workspace/login/index.php:3
[24-May-2016 13:23:40 UTC] PHP Fatal error:  Call to undefined function move_upload_file() in /home/ubuntu/workspace/login/uploadimage.php on line 24
[24-May-2016 13:23:40 UTC] PHP Stack trace:
[24-May-2016 13:23:40 UTC] PHP   1. {main}() /home/ubuntu/workspace/login/uploadimage.php:0
[25-May-2016 07:56:45 UTC] PHP Warning:  mysql_connect(): Access denied for user ''@'localhost' (using password: NO) in /home/ubuntu/workspace/login/connect.php on line 3
[25-May-2016 07:56:45 UTC] PHP Stack trace:
[25-May-2016 07:56:45 UTC] PHP   1. {main}() /home/ubuntu/workspace/login/login.php:0
[25-May-2016 07:56:45 UTC] PHP   2. include() /home/ubuntu/workspace/login/login.php:5
[25-May-2016 07:56:45 UTC] PHP   3. mysql_connect() /home/ubuntu/workspace/login/connect.php:3
[25-May-2016 07:56:45 UTC] PHP Warning:  mysql_select_db(): Access denied for user ''@'localhost' (using password: NO) in /home/ubuntu/workspace/login/connect.php on line 4
[25-May-2016 07:56:45 UTC] PHP Stack trace:
[25-May-2016 07:56:45 UTC] PHP   1. {main}() /home/ubuntu/workspace/login/login.php:0
[25-May-2016 07:56:45 UTC] PHP   2. include() /home/ubuntu/workspace/login/login.php:5
[25-May-2016 07:56:45 UTC] PHP   3. mysql_select_db() /home/ubuntu/workspace/login/connect.php:4
[25-May-2016 07:56:45 UTC] PHP Warning:  mysql_select_db(): A link to the server could not be established in /home/ubuntu/workspace/login/connect.php on line 4
[25-May-2016 07:56:45 UTC] PHP Stack trace:
[25-May-2016 07:56:45 UTC] PHP   1. {main}() /home/ubuntu/workspace/login/login.php:0
[25-May-2016 07:56:45 UTC] PHP   2. include() /home/ubuntu/workspace/login/login.php:5
[25-May-2016 07:56:45 UTC] PHP   3. mysql_select_db() /home/ubuntu/workspace/login/connect.php:4
[25-May-2016 07:56:45 UTC] PHP Warning:  include(function.php): failed to open stream: No such file or directory in /home/ubuntu/workspace/login/login.php on line 7
[25-May-2016 07:56:45 UTC] PHP Stack trace:
[25-May-2016 07:56:45 UTC] PHP   1. {main}() /home/ubuntu/workspace/login/login.php:0
[25-May-2016 07:56:45 UTC] PHP Warning:  include(): Failed opening 'function.php' for inclusion (include_path='.:/usr/share/php:/usr/share/pear') in /home/ubuntu/workspace/login/login.php on line 7
[25-May-2016 07:56:45 UTC] PHP Stack trace:
[25-May-2016 07:56:45 UTC] PHP   1. {main}() /home/ubuntu/workspace/login/login.php:0
[25-May-2016 07:56:45 UTC] PHP Parse error:  syntax error, unexpected end of file in /home/ubuntu/workspace/login/title_bar.php on line 20
[25-May-2016 07:56:45 UTC] PHP Stack trace:
[25-May-2016 07:56:45 UTC] PHP   1. {main}() /home/ubuntu/workspace/login/login.php:0
[25-May-2016 07:56:49 UTC] PHP Warning:  mysql_connect(): Access denied for user ''@'localhost' (using password: NO) in /home/ubuntu/workspace/login/connect.php on line 3
[25-May-2016 07:56:49 UTC] PHP Stack trace:
[25-May-2016 07:56:49 UTC] PHP   1. {main}() /home/ubuntu/workspace/login/login.php:0
[25-May-2016 07:56:49 UTC] PHP   2. include() /home/ubuntu/workspace/login/login.php:5
[25-May-2016 07:56:49 UTC] PHP   3. mysql_connect() /home/ubuntu/workspace/login/connect.php:3
[25-May-2016 07:56:49 UTC] PHP Warning:  mysql_select_db(): Access denied for user ''@'localhost' (using password: NO) in /home/ubuntu/workspace/login/connect.php on line 4
[25-May-2016 07:56:49 UTC] PHP Stack trace:
[25-May-2016 07:56:49 UTC] PHP   1. {main}() /home/ubuntu/workspace/login/login.php:0
[25-May-2016 07:56:49 UTC] PHP   2. include() /home/ubuntu/workspace/login/login.php:5
[25-May-2016 07:56:49 UTC] PHP   3. mysql_select_db() /home/ubuntu/workspace/login/connect.php:4
[25-May-2016 07:56:49 UTC] PHP Warning:  mysql_select_db(): A link to the server could not be established in /home/ubuntu/workspace/login/connect.php on line 4
[25-May-2016 07:56:49 UTC] PHP Stack trace:
[25-May-2016 07:56:49 UTC] PHP   1. {main}() /home/ubuntu/workspace/login/login.php:0
[25-May-2016 07:56:49 UTC] PHP   2. include() /home/ubuntu/workspace/login/login.php:5
[25-May-2016 07:56:49 UTC] PHP   3. mysql_select_db() /home/ubuntu/workspace/login/connect.php:4
[25-May-2016 07:56:49 UTC] PHP Warning:  include(function.php): failed to open stream: No such file or directory in /home/ubuntu/workspace/login/login.php on line 7
[25-May-2016 07:56:49 UTC] PHP Stack trace:
[25-May-2016 07:56:49 UTC] PHP   1. {main}() /home/ubuntu/workspace/login/login.php:0
[25-May-2016 07:56:49 UTC] PHP Warning:  include(): Failed opening 'function.php' for inclusion (include_path='.:/usr/share/php:/usr/share/pear') in /home/ubuntu/workspace/login/login.php on line 7
[25-May-2016 07:56:49 UTC] PHP Stack trace:
[25-May-2016 07:56:49 UTC] PHP   1. {main}() /home/ubuntu/workspace/login/login.php:0
[25-May-2016 07:56:49 UTC] PHP Parse error:  syntax error, unexpected end of file in /home/ubuntu/workspace/login/title_bar.php on line 20
[25-May-2016 07:56:49 UTC] PHP Stack trace:
[25-May-2016 07:56:49 UTC] PHP   1. {main}() /home/ubuntu/workspace/login/login.php:0
[25-May-2016 11:12:19 UTC] PHP Warning:  mysql_connect(): Access denied for user ''@'localhost' (using password: NO) in /home/ubuntu/workspace/login/connect.php on line 3
[25-May-2016 11:12:19 UTC] PHP Stack trace:
[25-May-2016 11:12:19 UTC] PHP   1. {main}() /home/ubuntu/workspace/login/login.php:0
[25-May-2016 11:12:19 UTC] PHP   2. include() /home/ubuntu/workspace/login/login.php:5
[25-May-2016 11:12:19 UTC] PHP   3. mysql_connect() /home/ubuntu/workspace/login/connect.php:3
[25-May-2016 11:12:19 UTC] PHP Warning:  mysql_select_db(): Access denied for user ''@'localhost' (using password: NO) in /home/ubuntu/workspace/login/connect.php on line 4
[25-May-2016 11:12:19 UTC] PHP Stack trace:
[25-May-2016 11:12:19 UTC] PHP   1. {main}() /home/ubuntu/workspace/login/login.php:0
[25-May-2016 11:12:19 UTC] PHP   2. include() /home/ubuntu/workspace/login/login.php:5
[25-May-2016 11:12:19 UTC] PHP   3. mysql_select_db() /home/ubuntu/workspace/login/connect.php:4
[25-May-2016 11:12:19 UTC] PHP Warning:  mysql_select_db(): A link to the server could not be established in /home/ubuntu/workspace/login/connect.php on line 4
[25-May-2016 11:12:19 UTC] PHP Stack trace:
[25-May-2016 11:12:19 UTC] PHP   1. {main}() /home/ubuntu/workspace/login/login.php:0
[25-May-2016 11:12:19 UTC] PHP   2. include() /home/ubuntu/workspace/login/login.php:5
[25-May-2016 11:12:19 UTC] PHP   3. mysql_select_db() /home/ubuntu/workspace/login/connect.php:4
[25-May-2016 11:12:31 UTC] PHP Warning:  mysql_connect(): Access denied for user ''@'localhost' (using password: NO) in /home/ubuntu/workspace/login/login.php on line 5
[25-May-2016 11:12:31 UTC] PHP Stack trace:
[25-May-2016 11:12:31 UTC] PHP   1. {main}() /home/ubuntu/workspace/login/login.php:0
[25-May-2016 11:12:31 UTC] PHP   2. mysql_connect() /home/ubuntu/workspace/login/login.php:5
[25-May-2016 11:12:31 UTC] PHP Warning:  mysql_select_db(): Access denied for user ''@'localhost' (using password: NO) in /home/ubuntu/workspace/login/login.php on line 6
[25-May-2016 11:12:31 UTC] PHP Stack trace:
[25-May-2016 11:12:31 UTC] PHP   1. {main}() /home/ubuntu/workspace/login/login.php:0
[25-May-2016 11:12:31 UTC] PHP   2. mysql_select_db() /home/ubuntu/workspace/login/login.php:6
[25-May-2016 11:12:31 UTC] PHP Warning:  mysql_select_db(): A link to the server could not be established in /home/ubuntu/workspace/login/login.php on line 6
[25-May-2016 11:12:31 UTC] PHP Stack trace:
[25-May-2016 11:12:31 UTC] PHP   1. {main}() /home/ubuntu/workspace/login/login.php:0
[25-May-2016 11:12:31 UTC] PHP   2. mysql_select_db() /home/ubuntu/workspace/login/login.php:6
[25-May-2016 11:13:05 UTC] PHP Warning:  mysql_connect(): Access denied for user ''@'localhost' (using password: NO) in /home/ubuntu/workspace/login/login.php on line 5
[25-May-2016 11:13:05 UTC] PHP Stack trace:
[25-May-2016 11:13:05 UTC] PHP   1. {main}() /home/ubuntu/workspace/login/login.php:0
[25-May-2016 11:13:05 UTC] PHP   2. mysql_connect() /home/ubuntu/workspace/login/login.php:5
[25-May-2016 11:13:05 UTC] PHP Warning:  mysql_select_db(): Access denied for user ''@'localhost' (using password: NO) in /home/ubuntu/workspace/login/login.php on line 6
[25-May-2016 11:13:05 UTC] PHP Stack trace:
[25-May-2016 11:13:05 UTC] PHP   1. {main}() /home/ubuntu/workspace/login/login.php:0
[25-May-2016 11:13:05 UTC] PHP   2. mysql_select_db() /home/ubuntu/workspace/login/login.php:6
[25-May-2016 11:13:05 UTC] PHP Warning:  mysql_select_db(): A link to the server could not be established in /home/ubuntu/workspace/login/login.php on line 6
[25-May-2016 11:13:05 UTC] PHP Stack trace:
[25-May-2016 11:13:05 UTC] PHP   1. {main}() /home/ubuntu/workspace/login/login.php:0
[25-May-2016 11:13:05 UTC] PHP   2. mysql_select_db() /home/ubuntu/workspace/login/login.php:6
[25-May-2016 11:13:20 UTC] PHP Warning:  mysql_connect(): Access denied for user ''@'localhost' (using password: NO) in /home/ubuntu/workspace/login/login.php on line 5
[25-May-2016 11:13:20 UTC] PHP Stack trace:
[25-May-2016 11:13:20 UTC] PHP   1. {main}() /home/ubuntu/workspace/login/login.php:0
[25-May-2016 11:13:20 UTC] PHP   2. mysql_connect() /home/ubuntu/workspace/login/login.php:5
[25-May-2016 11:13:20 UTC] PHP Warning:  mysql_select_db(): Access denied for user ''@'localhost' (using password: NO) in /home/ubuntu/workspace/login/login.php on line 6
[25-May-2016 11:13:20 UTC] PHP Stack trace:
[25-May-2016 11:13:20 UTC] PHP   1. {main}() /home/ubuntu/workspace/login/login.php:0
[25-May-2016 11:13:20 UTC] PHP   2. mysql_select_db() /home/ubuntu/workspace/login/login.php:6
[25-May-2016 11:13:20 UTC] PHP Warning:  mysql_select_db(): A link to the server could not be established in /home/ubuntu/workspace/login/login.php on line 6
[25-May-2016 11:13:20 UTC] PHP Stack trace:
[25-May-2016 11:13:20 UTC] PHP   1. {main}() /home/ubuntu/workspace/login/login.php:0
[25-May-2016 11:13:20 UTC] PHP   2. mysql_select_db() /home/ubuntu/workspace/login/login.php:6
[26-May-2016 13:36:34 UTC] PHP Parse error:  syntax error, unexpected 'else' (T_ELSE) in /home/ubuntu/workspace/login/functions.php on line 10
[26-May-2016 13:36:34 UTC] PHP Stack trace:
[26-May-2016 13:36:34 UTC] PHP   1. {main}() /home/ubuntu/workspace/login/index.php:0
[26-May-2016 13:36:46 UTC] PHP Parse error:  syntax error, unexpected 'else' (T_ELSE) in /home/ubuntu/workspace/login/functions.php on line 10
[26-May-2016 13:36:46 UTC] PHP Stack trace:
[26-May-2016 13:36:46 UTC] PHP   1. {main}() /home/ubuntu/workspace/login/index.php:0
[15-Jun-2016 09:59:06 UTC] PHP Parse error:  syntax error, unexpected '<' in /home/ubuntu/workspace/login/login.php on line 32
[03-Jul-2016 15:33:31 UTC] PHP Warning:  Invalid argument supplied for foreach() in /home/ubuntu/workspace/eindopdracht/eindresultaat.php on line 63
[03-Jul-2016 15:33:31 UTC] PHP Stack trace:
[03-Jul-2016 15:33:31 UTC] PHP   1. {main}() /home/ubuntu/workspace/eindopdracht/eindresultaat.php:0
[03-Jul-2016 15:34:13 UTC] PHP Warning:  Invalid argument supplied for foreach() in /home/ubuntu/workspace/eindopdracht/eindresultaat.php on line 79
[03-Jul-2016 15:34:13 UTC] PHP Stack trace:
[03-Jul-2016 15:34:13 UTC] PHP   1. {main}() /home/ubuntu/workspace/eindopdracht/eindresultaat.php:0
[03-Jul-2016 15:37:04 UTC] PHP Warning:  Invalid argument supplied for foreach() in /home/ubuntu/workspace/eindopdracht/eindresultaat.php on line 79
[03-Jul-2016 15:37:04 UTC] PHP Stack trace:
[03-Jul-2016 15:37:04 UTC] PHP   1. {main}() /home/ubuntu/workspace/eindopdracht/eindresultaat.php:0
[04-Jul-2016 20:06:44 UTC] PHP Fatal error:  Cannot redeclare gemiddelde() (previously declared in /home/ubuntu/workspace/other/gemiddelde-array.php:28) in /home/ubuntu/workspace/other/gemiddelde-array.php on line 49
[05-Jul-2016 19:16:33 UTC] PHP Parse error:  syntax error, unexpected '=' in /home/ubuntu/workspace/login/login.php on line 18
[06-Jul-2016 12:43:57 UTC] PHP Warning:  move_uploaded_file(other/giphy-facebook_s.jpg): failed to open stream: No such file or directory in /home/ubuntu/workspace/other/uploadpicture.php on line 19
[06-Jul-2016 12:43:57 UTC] PHP Stack trace:
[06-Jul-2016 12:43:57 UTC] PHP   1. {main}() /home/ubuntu/workspace/other/uploadpicture.php:0
[06-Jul-2016 12:43:57 UTC] PHP   2. move_uploaded_file() /home/ubuntu/workspace/other/uploadpicture.php:19
[06-Jul-2016 12:43:57 UTC] PHP Warning:  move_uploaded_file(): Unable to move '/tmp/php2iPjqC' to 'other/giphy-facebook_s.jpg' in /home/ubuntu/workspace/other/uploadpicture.php on line 19
[06-Jul-2016 12:43:57 UTC] PHP Stack trace:
[06-Jul-2016 12:43:57 UTC] PHP   1. {main}() /home/ubuntu/workspace/other/uploadpicture.php:0
[06-Jul-2016 12:43:57 UTC] PHP   2. move_uploaded_file() /home/ubuntu/workspace/other/uploadpicture.php:19
[06-Jul-2016 12:44:57 UTC] PHP Warning:  move_uploaded_file(login/Outlander1B-Press-Kit-9.jpg): failed to open stream: No such file or directory in /home/ubuntu/workspace/other/uploadpicture.php on line 19
[06-Jul-2016 12:44:57 UTC] PHP Stack trace:
[06-Jul-2016 12:44:57 UTC] PHP   1. {main}() /home/ubuntu/workspace/other/uploadpicture.php:0
[06-Jul-2016 12:44:57 UTC] PHP   2. move_uploaded_file() /home/ubuntu/workspace/other/uploadpicture.php:19
[06-Jul-2016 12:44:57 UTC] PHP Warning:  move_uploaded_file(): Unable to move '/tmp/phpAIZUC3' to 'login/Outlander1B-Press-Kit-9.jpg' in /home/ubuntu/workspace/other/uploadpicture.php on line 19
[06-Jul-2016 12:44:57 UTC] PHP Stack trace:
[06-Jul-2016 12:44:57 UTC] PHP   1. {main}() /home/ubuntu/workspace/other/uploadpicture.php:0
[06-Jul-2016 12:44:57 UTC] PHP   2. move_uploaded_file() /home/ubuntu/workspace/other/uploadpicture.php:19
[06-Jul-2016 12:45:31 UTC] PHP Warning:  move_uploaded_file(login/tumblr_o9crgc5XGs1qa48x8o2_400.jpg): failed to open stream: No such file or directory in /home/ubuntu/workspace/other/uploadpicture.php on line 19
[06-Jul-2016 12:45:31 UTC] PHP Stack trace:
[06-Jul-2016 12:45:31 UTC] PHP   1. {main}() /home/ubuntu/workspace/other/uploadpicture.php:0
[06-Jul-2016 12:45:31 UTC] PHP   2. move_uploaded_file() /home/ubuntu/workspace/other/uploadpicture.php:19
[06-Jul-2016 12:45:31 UTC] PHP Warning:  move_uploaded_file(): Unable to move '/tmp/phpWDIXmr' to 'login/tumblr_o9crgc5XGs1qa48x8o2_400.jpg' in /home/ubuntu/workspace/other/uploadpicture.php on line 19
[06-Jul-2016 12:45:31 UTC] PHP Stack trace:
[06-Jul-2016 12:45:31 UTC] PHP   1. {main}() /home/ubuntu/workspace/other/uploadpicture.php:0
[06-Jul-2016 12:45:31 UTC] PHP   2. move_uploaded_file() /home/ubuntu/workspace/other/uploadpicture.php:19
